<?xml version="1.0" encoding="UTF-8"?>
<!-- Generated by org.testng.reporters.JUnitXMLReporter -->
<testsuite ignored="2" hostname="ANWESH" failures="0" tests="1" name="Default test" time="4.652" errors="0" timestamp="2025-08-03T23:21:24 IST">
  <testcase classname="org.seleniumAutomation.RegisterTest" name="verifyWarningMessageDisplayed" time="0.565"/>
  <testcase classname="org.seleniumAutomation.RegisterTest" name="verifyRegisteringByProvidingOnlyMandatoryFields" time="0.0">
    <ignored/>
  </testcase> <!-- verifyRegisteringByProvidingOnlyMandatoryFields -->
  <testcase classname="org.seleniumAutomation.RegisterTest" name="verifyRegisteringByProvidingAllFields" time="0.0">
    <ignored/>
  </testcase> <!-- verifyRegisteringByProvidingAllFields -->
</testsuite> <!-- Default test -->
